<?xml version="1.0" encoding="UTF-8"?>
<robot generator="Robot 3.1 (Python 3.7.1 on win32)" generated="20191023 16:30:50.894" rpa="false">
<suite id="s1" name="Test" source="D:\603021706-9SQA\LabJenkins\test.robot">
<test id="s1-t1" name="TestOpen">
<kw name="Open Browser" library="SeleniumLibrary">
<doc>Opens a new browser instance to the given ``url``.</doc>
<arguments>
<arg>${WEB}</arg>
<arg>${BROWSER}</arg>
</arguments>
<msg timestamp="20191023 16:30:51.042" level="INFO">Opening browser 'Chrome' to base url 'http://www.google.com'.</msg>
<status status="PASS" starttime="20191023 16:30:51.042" endtime="20191023 16:30:56.085"></status>
</kw>
<kw name="Input Text" library="SeleniumLibrary">
<doc>Types the given ``text`` into text field identified by ``locator``.</doc>
<arguments>
<arg>q</arg>
<arg>${URL}</arg>
</arguments>
<msg timestamp="20191023 16:30:56.086" level="INFO">Typing text 'http://www.cs.kku.ac.th' into text field 'q'.</msg>
<status status="PASS" starttime="20191023 16:30:56.086" endtime="20191023 16:30:56.212"></status>
</kw>
<kw name="Submit Form" library="SeleniumLibrary">
<doc>Submits a form identified by ``locator``.</doc>
<msg timestamp="20191023 16:30:56.213" level="INFO">Submitting form 'None'.</msg>
<status status="PASS" starttime="20191023 16:30:56.212" endtime="20191023 16:30:57.680"></status>
</kw>
<kw name="Wait Until Page Contains" library="SeleniumLibrary">
<doc>Waits until ``text`` appears on current page.</doc>
<arguments>
<arg>www.cs.kku.ac.th</arg>
</arguments>
<status status="PASS" starttime="20191023 16:30:57.681" endtime="20191023 16:30:57.705"></status>
</kw>
<kw name="Close Browser" library="SeleniumLibrary">
<doc>Closes the current browser.</doc>
<status status="PASS" starttime="20191023 16:30:57.706" endtime="20191023 16:30:59.839"></status>
</kw>
<status status="PASS" starttime="20191023 16:30:51.041" endtime="20191023 16:30:59.841" critical="yes"></status>
</test>
<status status="PASS" starttime="20191023 16:30:50.895" endtime="20191023 16:30:59.847"></status>
</suite>
<statistics>
<total>
<stat pass="1" fail="0">Critical Tests</stat>
<stat pass="1" fail="0">All Tests</stat>
</total>
<tag>
</tag>
<suite>
<stat pass="1" fail="0" id="s1" name="Test">Test</stat>
</suite>
</statistics>
<errors>
</errors>
</robot>
